
ROM used: 1041 (13%)
          1041 (13%) including unused fragments

          2 Average locations per line
          10 Average locations per statement

RAM used: 23 (6%) at main() level
          54 (15%) worst case

Stack used: 3 worst case (out of 8 total available)

Lines Stmts  %   Files
----- ----- ---  -----
  165   106 100  final.c
   22     0   0  final.h
  425     0   0  ..\..\..\..\..\..\Program Files (x86)\PICC\devices\16F887.h
----- -----
  612   106 Total

Page ROM  %  RAM   Vol Diff  Functions:
---- --- --- ---   --- ----  ----------
0     20   2   1             @delay_ms1
0     32   3   1   170  1.4  lcd1_command
0     32   3   1   170  1.4  lcd1_data
0     32   3   1   170  1.4  lcd2_command
0     18   2   0    86  1.3  lcd1_init
0     18   2   0    86  1.3  lcd2_init
0    517  50   8   319  4.5  measure_distance
0     32   3   6             @WRITEBITA
0     23   2   5  2432  7.5  @READBITA
 Inline        2             @ITOF
 Inline       13             @MULFF
 Inline       14  2359  7.7  @DIVFF
 Inline        4   901  5.7  @SFTOI
0    234  22   1  1451  7.2  MAIN
0      5   0   0             @const123
0     70   7   3             @PSTRINGC7_81
0      4   0   0             @const126

Program metrics:
    Functions               10
    Statements              106
    Comments                90
    Volume (V)              11470
    Difficilty (D)          39.5
    Effort to implement (E) 452666
    Time to implement (T)   6 hours, 59 minutes
    Est Delivered Bugs (B)  2
    Cyclomatic Complexity   23
    Maintainability (MI)    46

 Segment     Used  Free
-----------  ----  ----
00000-00003     4  0  
00004-007FF  1037  1007  
00800-00FFF     0  2048  
01000-017FF     0  2048  
01800-01FFF     0  2048  



