
ROM used: 992 (12%)
          992 (12%) including unused fragments

          2 Average locations per line
          14 Average locations per statement

RAM used: 15 (4%) at main() level
          35 (10%) worst case

Stack used: 3 worst case (out of 8 total available)

Lines Stmts  %   Files
----- ----- ---  -----
  156    73 100  finalsparking.c
   22     0   0  finalsparking.h
  425     0   0  ..\..\..\..\..\Program Files (x86)\PICC\devices\16F887.h
----- -----
  603    73 Total

Page ROM  %  RAM   Vol Diff  Functions:
---- --- --- ---   --- ----  ----------
0     20   2   1             @delay_ms1
0     25   3   1   125  1.3  lcd1_command
0     25   3   1   125  1.3  lcd1_data
0     15   2   0    67  1.2  lcd1_setup
0     22   2   1   104  1.3  lcd2_command
0     22   2   1   104  1.3  lcd2_data
0     15   2   0    67  1.2  lcd2_setup
 Inline        1    54  1.2  trigger_sensor
0     32   3   6             @WRITEBITA
0    503  51   6   211  4.3  measure_distance
0     23   2   5             @READBITA
 Inline        2             @ITOF
 Inline       13             @MULFF
 Inline       14             @DIVFF
 Inline        4             @SFTOI
0    133  13   1   901  5.7  MAIN
0      5   1   0             @const113
0     72   7   3             @PSTRINGC7_79
0      4   0   0             @const115
0     72   7   3             @PSTRINGC7_84

Program metrics:
    Functions               9
    Statements              73
    Comments                101
    Volume (V)              2715
    Difficilty (D)          18.0
    Effort to implement (E) 48903
    Time to implement (T)   45 minutes
    Est Delivered Bugs (B)  0
    Cyclomatic Complexity   4
    Maintainability (MI)    63

 Segment     Used  Free
-----------  ----  ----
00000-00003     4  0  
00004-007FF   988  1056  
00800-00FFF     0  2048  
01000-017FF     0  2048  
01800-01FFF     0  2048  



